1	init	290	30304	34	140
979	busybox	1540	29054	141	140
991	sleep	1550	0	0	0
1157	sleep	1750	0	0	0
1190	exe	1950	0	0	0
1321	exe	2190	0	0	0
1332	sleep	2200	0	0	0
2100	sleep	2610	0	0	0
2139	sleep	2810	0	0	0
2150	sleep	3010	0	0	0
2174	sleep	3210	0	0	0
2204	sleep	3410	0	0	0
2217	sleep	3610	0	0	0
2228	sleep	3810	0	0	0
2239	sleep	4010	0	0	0
2250	sleep	4210	0	0	0
2289	sleep	4420	0	0	0
2319	sleep	4620	0	0	0
2353	sleep	4820	0	0	0
2364	sleep	5030	0	0	0
2377	sleep	5230	0	0	0
2464	sleep	5430	0	0	0
2483	sleep	5630	0	0	0
2552	sleep	5830	0	0	0
2565	sleep	6030	0	0	0
2574	sleep	6230	0	0	0
2584	sleep	6430	0	0	0
2594	sleep	6630	0	0	0
2605	sleep	6840	0	0	0
2618	sleep	7040	0	0	0
2652	sleep	7240	0	0	0
2669	sleep	7440	0	0	0
2678	sleep	7640	0	0	0
2687	sleep	7840	0	0	0
2697	sleep	8040	0	0	0
2706	sleep	8240	0	0	0
2715	sleep	8440	0	0	0
2723	sleep	8650	0	0	0
2731	sleep	8850	0	0	0
2740	sleep	9050	0	0	0
2750	sleep	9250	0	0	0
2760	sleep	9450	0	0	0
2769	sleep	9650	0	0	0
2778	sleep	9850	0	0	0
2787	sleep	10050	0	0	0
2795	sleep	10260	0	0	0
2804	sleep	10460	0	0	0
2813	sleep	10660	0	0	0
2822	sleep	10860	0	0	0
2832	sleep	11060	0	0	0
2841	sleep	11260	0	0	0
2850	sleep	11460	0	0	0
2859	sleep	11660	0	0	0
2868	sleep	11870	0	0	0
2877	sleep	12070	0	0	0
2886	sleep	12270	0	0	0
2895	sleep	12470	0	0	0
2946	sleep	12670	0	0	0
2972	sleep	12870	0	0	0
3022	sleep	13070	0	0	0
3150	sleep	13290	0	0	0
3171	sleep	13550	0	0	0
3231	sleep	13790	0	0	0
3309	sleep	14000	0	0	0
3381	sleep	14200	0	0	0
3589	sleep	14600	0	0	0
3770	sleep	14800	0	0	0
4136	sleep	15010	0	0	0
4364	sleep	15210	0	0	0
4373	sleep	15410	0	0	0
4408	sleep	15610	0	0	0
4417	sleep	15810	0	0	0
4442	sleep	16010	0	0	0
4596	sleep	16210	0	0	0
4641	sleep	16410	0	0	0
4651	sleep	16610	0	0	0
4699	sleep	16820	0	0	0
4779	sleep	17020	0	0	0
4788	sleep	17220	0	0	0
4814	sleep	17420	0	0	0
4874	sleep	17620	0	0	0
4908	sleep	17820	0	0	0
4934	sleep	18020	0	0	0
4973	sleep	18220	0	0	0
5091	sleep	18420	0	0	0
5190	sleep	18620	0	0	0
5332	sleep	18830	0	0	0
5458	sleep	19030	0	0	0
5511	sleep	19230	0	0	0
5573	sleep	19430	0	0	0
5604	sleep	19630	0	0	0
5633	sleep	19830	0	0	0
5656	sleep	20030	0	0	0
5691	sleep	20230	0	0	0
5715	sleep	20430	0	0	0
5724	sleep	20630	0	0	0
5748	sleep	20840	0	0	0
5757	sleep	21040	0	0	0
5781	sleep	21240	0	0	0
5833	sleep	21440	0	0	0
5851	sleep	21640	0	0	0
5864	sleep	21840	0	0	0
5878	sleep	22040	0	0	0
5887	sleep	22240	0	0	0
5932	sleep	22450	0	0	0
5948	sleep	22650	0	0	0
5994	sleep	22850	0	0	0
6015	sleep	23050	0	0	0
6025	sleep	23250	0	0	0
6034	sleep	23450	0	0	0
6044	sleep	23650	0	0	0
6120	sleep	23850	0	0	0
6173	sleep	24060	0	0	0
6193	sleep	24260	0	0	0
6245	sleep	24460	0	0	0
6293	sleep	24660	0	0	0
6302	sleep	24860	0	0	0
6311	sleep	25060	0	0	0
6347	sleep	25260	0	0	0
6423	sleep	25460	0	0	0
6451	sleep	25660	0	0	0
6499	sleep	25870	0	0	0
6547	sleep	26070	0	0	0
6596	sleep	26270	0	0	0
6638	sleep	26470	0	0	0
6647	sleep	26670	0	0	0
6656	sleep	26870	0	0	0
6665	sleep	27080	0	0	0
6674	sleep	27280	0	0	0
6686	sleep	27480	0	0	0
6695	sleep	27680	0	0	0
6713	sleep	27880	0	0	0
6723	sleep	28080	0	0	0
6732	sleep	28280	0	0	0
6741	sleep	28480	0	0	0
6750	sleep	28690	0	0	0
6772	sleep	28890	0	0	0
6788	sleep	29110	0	0	0
6804	sleep	29310	0	0	0
6813	sleep	29510	0	0	0
6846	sleep	29720	0	0	0
6899	sleep	29920	0	0	0
6944	sleep	30320	0	0	0
980	busybox	1540	29054	139	140
987	sleep	1550	414	0	1
1317	exe	2180	0	0	0
1495	sleep	2400	0	0	0
2082	sleep	2600	0	0	0
2136	sleep	2800	0	0	0
2147	sleep	3000	0	0	0
2162	sleep	3210	0	0	0
2201	sleep	3410	0	0	0
2214	sleep	3610	0	0	0
2225	sleep	3810	0	0	0
2236	sleep	4010	0	0	0
2247	sleep	4210	0	0	0
2287	sleep	4420	0	0	0
2320	sleep	4620	0	0	0
2351	sleep	4820	0	0	0
2363	sleep	5030	0	0	0
2378	sleep	5230	0	0	0
2465	sleep	5430	0	0	0
2484	sleep	5630	0	0	0
2553	sleep	5830	0	0	0
2564	sleep	6030	0	0	0
2571	sleep	6230	0	0	0
2582	sleep	6430	0	0	0
2593	sleep	6630	0	0	0
2606	sleep	6840	0	0	0
2619	sleep	7040	0	0	0
2653	sleep	7240	0	0	0
2670	sleep	7440	0	0	0
2679	sleep	7640	0	0	0
2688	sleep	7840	0	0	0
2696	sleep	8040	0	0	0
2705	sleep	8240	0	0	0
2713	sleep	8440	0	0	0
2724	sleep	8650	0	0	0
2733	sleep	8850	0	0	0
2742	sleep	9050	0	0	0
2751	sleep	9250	0	0	0
2758	sleep	9450	0	0	0
2768	sleep	9650	0	0	0
2776	sleep	9850	0	0	0
2785	sleep	10050	0	0	0
2796	sleep	10260	0	0	0
2805	sleep	10460	0	0	0
2814	sleep	10660	0	0	0
2823	sleep	10860	0	0	0
2831	sleep	11060	0	0	0
2838	sleep	11260	0	0	0
2847	sleep	11460	0	0	0
2857	sleep	11660	0	0	0
2867	sleep	11870	0	0	0
2876	sleep	12070	0	0	0
2885	sleep	12270	0	0	0
2894	sleep	12470	0	0	0
2947	sleep	12670	0	0	0
2974	sleep	12870	0	0	0
3024	sleep	13070	0	0	0
3149	sleep	13270	0	0	0
3168	sleep	13520	0	0	0
3212	sleep	13730	0	0	0
3266	sleep	13930	0	0	0
3356	sleep	14140	0	0	0
3479	sleep	14470	0	0	0
3656	sleep	14670	0	0	0
3913	sleep	14880	0	0	0
4272	sleep	15120	0	0	0
4370	sleep	15320	0	0	0
4394	sleep	15520	0	0	0
4414	sleep	15720	0	0	0
4423	sleep	15920	0	0	0
4517	sleep	16120	0	0	0
4637	sleep	16320	0	0	0
4647	sleep	16520	0	0	0
4657	sleep	16730	0	0	0
4776	sleep	16930	0	0	0
4785	sleep	17130	0	0	0
4794	sleep	17330	0	0	0
4866	sleep	17530	0	0	0
4880	sleep	17730	0	0	0
4926	sleep	17930	0	0	0
4947	sleep	18130	0	0	0
5049	sleep	18340	0	0	0
5146	sleep	18540	0	0	0
5271	sleep	18740	0	0	0
5412	sleep	18940	0	0	0
5508	sleep	19140	0	0	0
5570	sleep	19340	0	0	0
5601	sleep	19540	0	0	0
5610	sleep	19740	0	0	0
5653	sleep	19950	0	0	0
5676	sleep	20150	0	0	0
5706	sleep	20350	0	0	0
5721	sleep	20550	0	0	0
5731	sleep	20750	0	0	0
5754	sleep	20950	0	0	0
5778	sleep	21150	0	0	0
5796	sleep	21350	0	0	0
5848	sleep	21550	0	0	0
5861	sleep	21760	0	0	0
5875	sleep	21960	0	0	0
5884	sleep	22160	0	0	0
5917	sleep	22360	0	0	0
5940	sleep	22560	0	0	0
5970	sleep	22760	0	0	0
6012	sleep	22970	0	0	0
6022	sleep	23170	0	0	0
6031	sleep	23370	0	0	0
6041	sleep	23570	0	0	0
6095	sleep	23770	0	0	0
6158	sleep	23970	0	0	0
6190	sleep	24170	0	0	0
6228	sleep	24380	0	0	0
6290	sleep	24580	0	0	0
6299	sleep	24780	0	0	0
6308	sleep	24980	0	0	0
6326	sleep	25180	0	0	0
6420	sleep	25380	0	0	0
6447	sleep	25580	0	0	0
6474	sleep	25790	0	0	0
6532	sleep	25990	0	0	0
6568	sleep	26190	0	0	0
6633	sleep	26390	0	0	0
6650	sleep	26790	0	0	0
6659	sleep	27000	0	0	0
6668	sleep	27200	0	0	0
6677	sleep	27400	0	0	0
6689	sleep	27600	0	0	0
6707	sleep	27800	0	0	0
6716	sleep	28000	0	0	0
6726	sleep	28200	0	0	0
6735	sleep	28400	0	0	0
6744	sleep	28610	0	0	0
6766	sleep	28810	0	0	0
6776	sleep	29070	0	0	0
6798	sleep	29270	0	0	0
6807	sleep	29470	0	0	0
6837	sleep	29670	0	0	0
6893	sleep	29890	0	0	0
6902	sleep	30090	0	0	0
6940	sleep	30290	0	0	0
984	busybox	1540	29054	141	140
999	exe	1550	0	0	0
1159	exe	1760	0	0	0
1199	exe	1960	0	0	0
1322	exe	2190	0	0	0
1502	exe	2400	0	0	0
2122	exe	2610	0	0	0
2141	exe	2810	0	0	0
2152	exe	3020	0	0	0
2185	exe	3220	0	0	0
2206	exe	3430	0	0	0
2219	exe	3630	0	0	0
2230	exe	3830	0	0	0
2241	exe	4030	0	0	0
2252	exe	4230	0	0	0
2307	exe	4440	0	0	0
2322	exe	4640	0	0	0
2355	exe	4840	0	0	0
2366	exe	5040	0	0	0
2380	exe	5240	0	0	0
2467	exe	5450	0	0	0
2486	exe	5650	0	0	0
2558	exe	5850	0	0	0
2567	exe	6050	0	0	0
2576	exe	6250	0	0	0
2586	exe	6460	0	0	0
2597	exe	6660	0	0	0
2608	exe	6860	0	0	0
2622	exe	7060	0	0	0
2655	exe	7260	0	0	0
2672	exe	7460	0	0	0
2681	exe	7670	0	0	0
2690	exe	7870	0	0	0
2699	exe	8070	0	0	0
2708	exe	8270	0	0	0
2717	exe	8470	0	0	0
2726	exe	8680	0	0	0
2735	exe	8880	0	0	0
2744	exe	9080	0	0	0
2753	exe	9280	0	0	0
2762	exe	9480	0	0	0
2771	exe	9680	0	0	0
2780	exe	9890	0	0	0
2789	exe	10090	0	0	0
2798	exe	10290	0	0	0
2807	exe	10490	0	0	0
2816	exe	10700	0	0	0
2825	exe	10900	0	0	0
2834	exe	11100	0	0	0
2843	exe	11300	0	0	0
2852	exe	11500	0	0	0
2861	exe	11710	0	0	0
2870	exe	11910	0	0	0
2879	exe	12110	0	0	0
2888	exe	12310	0	0	0
2897	exe	12510	0	0	0
2949	exe	12710	0	0	0
2976	exe	12920	0	0	0
3037	exe	13120	0	0	0
3154	exe	13320	0	0	0
3183	exe	13570	0	0	0
3240	exe	13820	0	0	0
3327	exe	14030	0	0	0
3400	exe	14240	0	0	0
3591	exe	14600	0	0	0
3815	exe	14820	0	0	0
4197	exe	15040	0	0	0
4366	exe	15240	0	0	0
4375	exe	15440	0	0	0
4410	exe	15650	0	0	0
4419	exe	15850	0	0	0
4476	exe	16050	0	0	0
4611	exe	16250	0	0	0
4643	exe	16460	0	0	0
4653	exe	16660	0	0	0
4754	exe	16860	0	0	0
4781	exe	17060	0	0	0
4790	exe	17260	0	0	0
4816	exe	17470	0	0	0
4876	exe	17670	0	0	0
4913	exe	17870	0	0	0
4936	exe	18070	0	0	0
4986	exe	18270	0	0	0
5121	exe	18480	0	0	0
5242	exe	18680	0	0	0
5374	exe	18880	0	0	0
5490	exe	19080	0	0	0
5537	exe	19280	0	0	0
5575	exe	19490	0	0	0
5606	exe	19690	0	0	0
5646	exe	19890	0	0	0
5670	exe	20090	0	0	0
5698	exe	20300	0	0	0
5717	exe	20500	0	0	0
5726	exe	20700	0	0	0
5750	exe	20900	0	0	0
5763	exe	21110	0	0	0
5792	exe	21310	0	0	0
5844	exe	21510	0	0	0
5853	exe	21710	0	0	0
5866	exe	21910	0	0	0
5880	exe	22120	0	0	0
5892	exe	22320	0	0	0
5936	exe	22520	0	0	0
5960	exe	22720	0	0	0
6008	exe	22930	0	0	0
6018	exe	23130	0	0	0
6027	exe	23330	0	0	0
6036	exe	23530	0	0	0
6083	exe	23740	0	0	0
6145	exe	23940	0	0	0
6186	exe	24140	0	0	0
6206	exe	24340	0	0	0
6286	exe	24550	0	0	0
6295	exe	24750	0	0	0
6304	exe	24950	0	0	0
6321	exe	25160	0	0	0
6416	exe	25360	0	0	0
6443	exe	25560	0	0	0
6466	exe	25770	0	0	0
6522	exe	25970	0	0	0
6561	exe	26170	0	0	0
6627	exe	26380	0	0	0
6640	exe	26580	0	0	0
6652	exe	26830	0	0	0
6661	exe	27030	0	0	0
6670	exe	27240	0	0	0
6679	exe	27440	0	0	0
6691	exe	27640	0	0	0
6709	exe	27850	0	0	0
6718	exe	28050	0	0	0
6728	exe	28260	0	0	0
6737	exe	28460	0	0	0
6746	exe	28660	0	0	0
6768	exe	28870	0	0	0
6784	exe	29090	0	0	0
6800	exe	29290	0	0	0
6809	exe	29490	0	0	0
6839	exe	29700	0	0	0
6895	exe	29910	0	0	0
6904	exe	30110	0	0	0
6968	exe	30390	0	0	0
992	console_setup	1550	0	0	0
1106	usplash	1610	25174	0	121
1110	init	1610	0	1	0
1151	modprobe	1710	0	0	0
1183	udevd	1920	3934	32	18
1192	udevd	1960	0	0	0
1193	udevd	1960	0	0	0
1194	udevd	1960	0	0	0
1196	udevd	1960	0	0	0
1197	udevd	1960	0	0	0
1300	udevd	2150	3294	1	15
1307	modprobe	2160	3284	0	15
1301	udevd	2150	0	0	0
1302	udevd	2150	2284	1	10
1303	modprobe	2150	2284	0	10
1304	udevd	2150	1074	1	4
1305	modprobe	2150	1074	0	4
1308	udevd	2160	1064	1	4
1329	modprobe	2200	1024	0	3
1309	udevd	2170	2264	1	10
1310	modprobe	2170	2264	0	10
1315	udevd	2170	0	1	0
1316	modprobe	2170	0	0	0
1319	udevd	2190	0	1	0
1320	modprobe	2190	0	0	0
1343	udevd	2210	3234	1	14
1344	modprobe	2210	3234	0	14
1361	udevd	2240	984	1	3
1362	modprobe	2240	984	0	3
1367	udevd	2250	974	1	3
1368	modprobe	2250	974	0	3
1369	udevd	2250	974	1	3
1370	modprobe	2250	974	0	3
1371	udevd	2260	2174	1	9
1372	modprobe	2260	2174	0	9
1378	udevd	2270	3174	1	14
1379	modprobe	2270	3174	0	14
1380	udevd	2280	2154	1	9
1381	modprobe	2280	2154	0	9
1389	udevd	2300	3144	1	14
1390	modprobe	2300	3144	0	14
2119	udevd	2610	0	0	0
2172	udevd	3210	0	0	0
2173	udevd	3210	0	0	0
2176	udevd	3210	0	0	0
2178	udevd	3210	0	0	0
2179	udevd	3210	0	0	0
2181	udevd	3220	0	0	0
2182	udevd	3220	0	1	0
2184	modprobe	3220	0	0	0
2276	udevd	4400	444	1	1
2277	modprobe	4400	444	0	1
2310	udevd	4510	0	1	0
2311	modprobe	4510	0	0	0
2450	udevd	5350	0	1	0
2458	vol_id	5360	0	0	0
1191	init	1960	0	0	0
1290	sleep	2120	0	0	0
1430	sleep	2360	0	0	0
1942	sleep	2560	0	0	0
2133	sleep	2760	0	0	0
2144	sleep	2960	0	0	0
2155	sleep	3160	0	0	0
2198	sleep	3360	0	0	0
2211	sleep	3560	0	0	0
2222	sleep	3760	0	0	0
2233	sleep	3960	0	0	0
2244	sleep	4160	0	0	0
2288	sleep	4420	0	0	0
2318	sleep	4620	0	0	0
2349	sleep	4820	0	0	0
2362	sleep	5020	0	0	0
2376	sleep	5230	0	0	0
2460	sleep	5430	0	0	0
2477	init	5630	0	1	0
2478	fstype	5630	0	0	0
2556	mount	5850	0	0	0
2578	rc	6330	12354	14	58
2599	sh	6780	484	2	1
2600	grep	6810	0	0	0
2620	sh	7060	0	0	0
2643	S01readahead	7190	5524	1	26
2664	readahead-list	7380	5334	0	25
2919	S07linux-restri	12550	0	1	0
2929	lrm-manager	12560	0	1	0
2945	ld_static	12670	0	0	0
2965	sh	12770	0	1	0
2968	hwclock	12770	0	0	0
3017	S10udev	13050	2594	3	10
3035	udevd	13090	0	0	0
3044	udevadm	13150	2494	0	9
3129	udevadm	13210	2434	0	9
4402	sh	15530	524	1	1
4405	hwclock	15530	524	0	1
4452	S15module-init-	16020	0	1	0
4473	S15module-init-	16030	0	1	0
4474	modprobe	16030	0	0	0
4581	sh	16190	674	3	2
4609	modprobe	16220	0	0	0
4631	logsave	16270	0	1	0
4634	fsck	16290	0	1	0
4638	fsck.ext3	16330	0	0	0
4633	sleep	16270	594	0	1
4749	sh	16860	604	2	2
4753	which	16860	0	0	0
4772	sleep	16890	574	0	1
4808	sh	17400	0	1	0
4811	mkdir	17400	0	0	0
4859	sh	17520	0	2	0
4870	find	17550	0	0	0
4871	xargs	17550	0	0	0
4898	S37apparmor	17810	464	2	1
4910	S37apparmor	17820	0	1	0
4911	wc	17820	0	0	0
4931	apparmor_parser	17950	0	0	0
4968	S39ufw	18180	0	1	0
4984	usplash_write	18270	0	0	0
5093	sh	18430	0	1	0
5104	savelog	18440	0	0	0
3039	udevd	13150	17444	76	82
3104	udevd	13190	0	1	0
3105	modprobe	13190	0	0	0
3106	udevd	13190	834	1	2
3118	modprobe	13200	824	0	2
3107	udevd	13190	834	1	2
3130	modprobe	13210	564	0	1
3108	udevd	13190	834	1	2
3109	modprobe	13190	834	0	2
3110	udevd	13190	834	1	2
3111	modprobe	13200	824	0	2
3112	udevd	13200	0	1	0
3113	modprobe	13200	0	0	0
3114	udevd	13200	574	1	1
3115	modprobe	13200	0	0	0
3116	udevd	13200	824	1	2
3117	modprobe	13200	574	0	1
3119	udevd	13200	824	1	2
3120	modprobe	13200	574	0	1
3121	udevd	13210	814	1	2
3122	modprobe	13210	814	0	2
3123	udevd	13210	2434	1	9
3124	modprobe	13210	2434	2	9
3269	sh	13950	1074	1	3
3277	modprobe	13980	1044	1	3
3353	sh	14140	884	3	2
3355	modprobe	14140	0	0	0
3417	modprobe	14340	0	0	0
3718	modprobe	14730	0	0	0
3827	sh	14840	0	1	0
4154	modprobe	15020	0	0	0
3125	udevd	13210	814	1	2
3126	modprobe	13210	564	0	1
3127	udevd	13210	564	1	1
3128	modprobe	13210	0	0	0
3131	udevd	13220	804	1	2
3132	modprobe	13220	804	0	2
3133	udevd	13220	804	1	2
3134	modprobe	13220	804	0	2
3135	udevd	13220	804	1	2
3136	modprobe	13220	554	0	1
3137	udevd	13220	804	1	2
3138	modprobe	13220	554	0	1
3139	udevd	13230	794	1	2
3140	modprobe	13230	544	0	1
3141	udevd	13230	794	1	2
3142	modprobe	13230	794	0	2
3143	udevd	13230	794	1	2
3144	modprobe	13230	544	0	1
3151	udevd	13300	0	1	0
3152	modprobe	13300	0	0	0
3155	udevd	13330	694	1	1
3156	modprobe	13330	694	0	1
3159	udevd	13480	754	1	2
3160	modprobe	13480	544	0	1
3165	udevd	13510	514	1	1
3166	modprobe	13510	514	0	1
3169	udevd	13520	504	1	1
3170	modprobe	13520	0	0	0
3172	udevd	13550	474	1	1
3173	modprobe	13550	0	0	0
3175	udevd	13570	454	1	1
3176	modprobe	13570	0	0	0
3179	udevd	13570	454	1	1
3187	modprobe	13620	0	0	0
3180	udevd	13570	454	1	1
3188	modprobe	13630	0	0	0
3181	udevd	13570	0	1	0
3182	modprobe	13570	0	0	0
3184	udevd	13590	0	1	0
3185	modprobe	13590	0	0	0
3191	udevd	13650	0	1	0
3192	modprobe	13650	0	0	0
3199	udevd	13680	0	1	0
3200	modprobe	13680	0	0	0
3202	udevd	13680	0	0	0
3204	udevd	13700	0	0	0
3208	udevd	13720	0	0	0
3214	udevd	13730	0	0	0
3216	udevd	13740	0	0	0
3217	udevd	13740	494	1	1
3219	modprobe	13740	494	0	1
3222	udevd	13760	0	0	0
3227	udevd	13780	0	0	0
3228	udevd	13780	0	0	0
3232	udevd	13790	0	1	0
3233	modprobe	13790	0	0	0
3236	udevd	13810	0	1	0
3237	modprobe	13820	0	0	0
3280	udevd	13990	814	1	2
3282	modprobe	13990	814	0	2
3293	udevd	13990	0	1	0
3294	modprobe	13990	0	0	0
3295	udevd	14000	0	1	0
3296	modprobe	14000	0	0	0
3322	udevd	14010	0	1	0
3323	modprobe	14010	0	0	0
3325	udevd	14030	0	0	0
3352	udevd	14140	664	1	1
3354	modprobe	14140	664	0	1
3368	udevd	14180	0	1	0
3372	modprobe	14180	0	0	0
3377	udevd	14190	0	1	0
3378	modprobe	14190	0	0	0
3384	udevd	14200	0	1	0
3385	modprobe	14200	0	0	0
3386	udevd	14200	604	1	1
3387	modprobe	14210	594	0	1
3389	udevd	14220	584	1	1
3390	modprobe	14220	584	0	1
3391	udevd	14230	0	0	0
3392	udevd	14230	574	1	1
3393	modprobe	14230	574	0	1
3395	udevd	14240	0	1	0
3396	modprobe	14240	0	0	0
3397	udevd	14240	0	1	0
3399	modprobe	14240	0	0	0
3401	udevd	14270	0	1	0
3409	modprobe	14290	0	0	0
3407	udevd	14280	0	1	0
3408	modprobe	14280	0	0	0
3410	udevd	14300	0	1	0
3584	modprobe	14590	0	0	0
3418	udevd	14350	0	1	0
3419	modprobe	14350	0	0	0
3422	udevd	14360	0	1	0
3423	modprobe	14360	0	0	0
3427	udevd	14380	0	1	0
3428	modprobe	14380	0	0	0
3484	udevd	14480	544	1	1
3485	modprobe	14480	544	0	1
3643	udevd	14640	0	1	0
3644	modprobe	14640	0	0	0
3647	udevd	14640	0	1	0
3648	modprobe	14640	0	0	0
3651	udevd	14660	0	1	0
3652	modprobe	14660	0	0	0
3758	udevd	14790	0	1	0
3807	path_id	14820	0	0	0
3762	udevd	14800	0	1	0
3790	path_id	14820	0	1	0
3796	path_id	14820	0	0	0
4098	udevd	14990	0	1	0
4099	vol_id	14990	0	0	0
4100	udevd	14990	0	1	0
4101	vol_id	14990	0	0	0
4102	udevd	14990	0	1	0
4106	vol_id	14990	0	0	0
4155	udevd	15020	0	1	0
4156	udevd	15020	0	0	0
4192	udevd	15040	0	0	0
4388	alsa-utils	15480	574	1	1
4391	alsactl	15490	564	0	1
4648	logsave	16530	2154	0	9
5156	getty	18580	12014	0	57
5157	getty	18580	12014	0	57
5158	rc	18580	12014	40	57
5160	getty	18580	12014	0	57
5161	getty	18580	12014	0	57
5162	getty	18580	12014	0	57
5201	S10acpid	18650	0	1	0
5240	modprobe	18680	0	0	0
5365	acpid	18870	11724	0	56
5372	S10powernowd.ea	18880	0	0	0
5473	S10sysklogd	19050	0	1	0
5488	syslogd-listfil	19060	0	0	0
5506	syslogd	19140	11454	0	54
5518	S10xserver-xorg	19270	0	0	0
5549	S11klogd	19300	0	1	0
5566	klogd	19310	0	1	0
5567	klogd	19340	11254	0	53
5565	dd	19310	11284	0	53
5583	S12dbus	19520	0	1	0
5598	dbus-daemon	19530	0	0	0
5611	dbus-daemon	19750	10844	2	51
6604	dbus-daemon	26310	0	1	0
6605	wpa_supplicant	26310	4284	0	19
6608	dbus-daemon	26310	0	1	0
6609	nm-system-setti	26310	4284	0	19
5636	avahi-daemon	19840	10754	1	51
5637	avahi-daemon	19840	10754	0	51
5644	S16ssh	19890	404	1	1
5668	sshd	20060	0	0	0
5682	sshd	20210	10384	0	49
5692	S17mysql-ndb-mg	20230	0	0	0
5703	S18mysql-ndb	20320	584	2	1
5711	ndbd	20380	524	0	1
5712	grep	20380	524	0	1
5735	S19mysql	20810	1914	9	8
5740	S19mysql	20830	0	5	0
5741	mysqld	20830	0	0	0
5742	tr	20830	0	0	0
5743	grep	20830	0	0	0
5744	tail	20830	0	0	0
5745	cut	20830	0	0	0
5759	df	21090	0	0	0
5760	tail	21090	0	0	0
5761	awk	21090	0	0	0
5789	mysqld_safe	21290	9304	2	44
5840	mysqld	21500	9094	0	43
5841	logger	21500	9094	0	43
5790	sleep	21290	1034	0	4
5888	S19mysql	22290	0	1	0
5889	mysqladmin	22290	0	0	0
5927	mysqladmin	22400	0	0	0
5929	egrep	22410	0	0	0
5921	debian-start	22400	1544	5	6
5924	mysql_upgrade	22400	524	1	1
5933	sh	22460	0	1	0
5934	mysql	22460	0	0	0
5926	egrep	22400	524	0	1
5928	logger	22400	524	0	1
6005	mysql	22920	814	0	3
6006	xargs	22920	1024	1	4
6075	mysql	23730	0	0	0
5959	pidof	22720	0	0	0
5973	S20cups	22770	964	1	3
6003	cupsd	22900	834	1	3
6016	cupsd	23120	7474	0	35
6056	S20dkms_autoins	23700	844	1	3
6108	S20dkms_autoins	23820	724	3	2
6109	dkms	23820	724	2	2
6182	dkms	24080	0	1	0
6184	diff	24100	0	0	0
6203	dkms	24340	0	1	0
6204	find	24340	0	0	0
6110	awk	23820	724	0	2
6111	tail	23820	724	0	2
6271	S20winbind	24510	644	1	2
6284	winbindd	24540	614	0	2
6312	winbindd	25100	5494	1	25
6324	winbindd	25180	5414	0	24
6319	rc	25120	0	0	0
6330	S24hal	25200	774	1	2
6344	hald	25220	754	1	2
6348	hald	25270	5324	2	24
6352	hald-runner	25280	5314	5	24
6452	hald-addon-inpu	25710	4884	0	22
6462	hald-probe-stor	25750	0	0	0
6463	hald-addon-cpuf	25760	4834	0	22
6464	hald-addon-acpi	25760	4834	0	22
6469	hald-addon-stor	25780	4814	0	21
6441	udevinfo	25550	0	0	0
6351	console-kit-dae	25280	5314	0	24
6506	S25bluetooth	25900	474	1	1
6520	hid2hci	25940	434	0	1
6517	bluetoothd	25940	4654	0	21
6597	NetworkManager	26290	4304	0	19
6607	S30gdm	26310	2554	3	11
6623	usplash	26380	1264	2	5
6625	usplash	26380	0	1	0
6626	pidof	26380	0	0	0
6635	sleep	26450	1194	0	4
6683	gdm	27460	0	0	0
6698	sleep	27740	1124	0	4
6696	gdm	27740	2854	1	12
6699	gdm	27760	2834	1	12
6702	Xorg	27780	2814	0	12
6753	S30system-tools	28750	0	1	0
6763	start-stop-daem	28800	0	0	0
6777	system-tools-ba	29080	1514	0	6
6782	S89anacron	29090	604	0	2
6824	S89atd	29560	0	1	0
6834	atd	29660	0	0	0
6841	atd	29710	884	0	2
6875	cron	29820	774	0	2
6880	S90binfmt-suppo	29840	474	1	1
6890	update-binfmts	29860	454	0	1
2	kthreadd	290	30304	44	140
3	migration/0	330	30264	0	140
4	ksoftirqd/0	330	30264	0	140
5	watchdog/0	330	30264	0	140
6	migration/1	330	30264	0	140
7	ksoftirqd/1	330	30264	0	140
8	watchdog/1	330	30264	0	140
9	events/0	430	30164	0	140
10	events/1	430	30164	0	140
11	khelper	430	30164	2	140
3777	khelper	14810	0	1	0
3778	modprobe	14810	0	0	0
6518	khelper	25940	0	1	0
6519	modprobe	25940	0	0	0
51	kintegrityd/0	430	30164	0	140
52	kintegrityd/1	430	30164	0	140
54	kblockd/0	430	30164	0	140
55	kblockd/1	430	30164	0	140
57	kacpid	430	30164	0	140
58	kacpi_notify	430	30164	0	140
143	cqueue	460	30134	0	140
147	kseriod	460	30134	0	140
192	pdflush	1100	29494	0	140
193	pdflush	1100	29494	0	140
194	kswapd0	1100	29494	0	140
236	aio/0	1100	29494	0	140
237	aio/1	1100	29494	0	140
1313	ksuspend_usbd	2170	28424	0	137
1314	khubd	2170	28424	0	137
1405	khpsbpkt	2350	28244	0	136
1499	kstop0	2400	0	0	0
1506	ata/0	2400	28194	0	135
1527	ata/1	2410	28184	0	135
1530	ata_aux	2410	28184	0	135
2208	scsi_eh_0	3440	27154	0	130
2209	scsi_eh_1	3440	27154	0	130
2279	scsi_eh_2	4420	26174	0	126
2281	scsi_eh_3	4420	26174	0	126
2292	knodemgrd_0	4420	26174	0	126
2369	scsi_eh_4	5070	25524	0	122
2370	scsi_eh_5	5070	25524	0	122
2531	kjournald	5800	24794	0	119
3239	kthreadd	13820	0	0	0
3659	kpsmoused	14690	15904	0	76
5429	kondemand/0	18970	11624	0	55
5431	kondemand/1	18970	11624	0	55
6526	btaddconn	25980	4614	0	20
6527	btdelconn	25980	4614	0	20
6572	krfcommd	26210	4384	0	19
