1 init 0 140
2 kthreadd 0 140
3 migration/0 2 140
4 ksoftirqd/0 2 140
5 watchdog/0 2 140
6 migration/1 2 140
7 ksoftirqd/1 2 140
8 watchdog/1 2 140
9 events/0 2 140
10 events/1 2 140
11 khelper 2 140
51 kintegrityd/0 2 140
52 kintegrityd/1 2 140
54 kblockd/0 2 140
55 kblockd/1 2 140
57 kacpid 2 140
58 kacpi_notify 2 140
143 cqueue 2 140
147 kseriod 2 140
192 pdflush 2 140
193 pdflush 2 140
194 kswapd0 2 140
236 aio/0 2 140
237 aio/1 2 140
979 busybox 1 140
980 busybox 1 140
984 busybox 1 140
987 sleep 980 1
991 sleep 979 0
992 console_setup 1 0
999 exe 984 0
1106 usplash 1 121
1110 init 1 0
1151 modprobe 1110 0
1157 sleep 979 0
1159 exe 984 0
1183 udevd 1 18
1190 exe 979 0
1191 init 1 0
1192 udevd 1183 0
1193 udevd 1183 0
1194 udevd 1183 0
1196 udevd 1183 0
1197 udevd 1183 0
1199 exe 984 0
1290 sleep 1 0
1300 udevd 1183 15
1301 udevd 1183 0
1302 udevd 1183 10
1303 modprobe 1302 10
1304 udevd 1183 4
1305 modprobe 1304 4
1307 modprobe 1300 15
1308 udevd 1183 4
1309 udevd 1183 10
1310 modprobe 1309 10
1313 ksuspend_usbd 2 137
1314 khubd 2 137
1315 udevd 1183 0
1316 modprobe 1315 0
1317 exe 980 0
1319 udevd 1183 0
1320 modprobe 1319 0
1321 exe 979 0
1322 exe 984 0
1329 modprobe 1308 3
1332 sleep 979 0
1343 udevd 1183 14
1344 modprobe 1343 14
1361 udevd 1183 3
1362 modprobe 1361 3
1367 udevd 1183 3
1368 modprobe 1367 3
1369 udevd 1183 3
1370 modprobe 1369 3
1371 udevd 1183 9
1372 modprobe 1371 9
1378 udevd 1183 14
1379 modprobe 1378 14
1380 udevd 1183 9
1381 modprobe 1380 9
1389 udevd 1183 14
1390 modprobe 1389 14
1405 khpsbpkt 2 136
1430 sleep 1 0
1495 sleep 980 0
1499 kstop0 2 0
1502 exe 984 0
1506 ata/0 2 135
1527 ata/1 2 135
1530 ata_aux 2 135
1942 sleep 1 0
2082 sleep 980 0
2100 sleep 979 0
2119 udevd 1183 0
2122 exe 984 0
2133 sleep 1 0
2136 sleep 980 0
2139 sleep 979 0
2141 exe 984 0
2144 sleep 1 0
2147 sleep 980 0
2150 sleep 979 0
2152 exe 984 0
2155 sleep 1 0
2162 sleep 980 0
2172 udevd 1183 0
2173 udevd 1183 0
2174 sleep 979 0
2176 udevd 1183 0
2178 udevd 1183 0
2179 udevd 1183 0
2181 udevd 1183 0
2182 udevd 1183 0
2184 modprobe 2182 0
2185 exe 984 0
2198 sleep 1 0
2201 sleep 980 0
2204 sleep 979 0
2206 exe 984 0
2208 scsi_eh_0 2 130
2209 scsi_eh_1 2 130
2211 sleep 1 0
2214 sleep 980 0
2217 sleep 979 0
2219 exe 984 0
2222 sleep 1 0
2225 sleep 980 0
2228 sleep 979 0
2230 exe 984 0
2233 sleep 1 0
2236 sleep 980 0
2239 sleep 979 0
2241 exe 984 0
2244 sleep 1 0
2247 sleep 980 0
2250 sleep 979 0
2252 exe 984 0
2276 udevd 1183 1
2277 modprobe 2276 1
2279 scsi_eh_2 2 126
2281 scsi_eh_3 2 126
2287 sleep 980 0
2288 sleep 1 0
2289 sleep 979 0
2292 knodemgrd_0 2 126
2307 exe 984 0
2310 udevd 1183 0
2311 modprobe 2310 0
2318 sleep 1 0
2319 sleep 979 0
2320 sleep 980 0
2322 exe 984 0
2349 sleep 1 0
2351 sleep 980 0
2353 sleep 979 0
2355 exe 984 0
2362 sleep 1 0
2363 sleep 980 0
2364 sleep 979 0
2366 exe 984 0
2369 scsi_eh_4 2 122
2370 scsi_eh_5 2 122
2376 sleep 1 0
2377 sleep 979 0
2378 sleep 980 0
2380 exe 984 0
2450 udevd 1183 0
2458 vol_id 2450 0
2460 sleep 1 0
2464 sleep 979 0
2465 sleep 980 0
2467 exe 984 0
2477 init 1 0
2478 fstype 2477 0
2483 sleep 979 0
2484 sleep 980 0
2486 exe 984 0
2531 kjournald 2 119
2552 sleep 979 0
2553 sleep 980 0
2556 mount 1 0
2558 exe 984 0
2564 sleep 980 0
2565 sleep 979 0
2567 exe 984 0
2571 sleep 980 0
2574 sleep 979 0
2576 exe 984 0
2578 rc 1 58
2582 sleep 980 0
2584 sleep 979 0
2586 exe 984 0
2593 sleep 980 0
2594 sleep 979 0
2597 exe 984 0
2599 sh 2578 1
2600 grep 2599 0
2605 sleep 979 0
2606 sleep 980 0
2608 exe 984 0
2618 sleep 979 0
2619 sleep 980 0
2620 sh 2599 0
2622 exe 984 0
2643 S01readahead 2578 26
2652 sleep 979 0
2653 sleep 980 0
2655 exe 984 0
2664 readahead-list 2643 25
2669 sleep 979 0
2670 sleep 980 0
2672 exe 984 0
2678 sleep 979 0
2679 sleep 980 0
2681 exe 984 0
2687 sleep 979 0
2688 sleep 980 0
2690 exe 984 0
2696 sleep 980 0
2697 sleep 979 0
2699 exe 984 0
2705 sleep 980 0
2706 sleep 979 0
2708 exe 984 0
2713 sleep 980 0
2715 sleep 979 0
2717 exe 984 0
2723 sleep 979 0
2724 sleep 980 0
2726 exe 984 0
2731 sleep 979 0
2733 sleep 980 0
2735 exe 984 0
2740 sleep 979 0
2742 sleep 980 0
2744 exe 984 0
2750 sleep 979 0
2751 sleep 980 0
2753 exe 984 0
2758 sleep 980 0
2760 sleep 979 0
2762 exe 984 0
2768 sleep 980 0
2769 sleep 979 0
2771 exe 984 0
2776 sleep 980 0
2778 sleep 979 0
2780 exe 984 0
2785 sleep 980 0
2787 sleep 979 0
2789 exe 984 0
2795 sleep 979 0
2796 sleep 980 0
2798 exe 984 0
2804 sleep 979 0
2805 sleep 980 0
2807 exe 984 0
2813 sleep 979 0
2814 sleep 980 0
2816 exe 984 0
2822 sleep 979 0
2823 sleep 980 0
2825 exe 984 0
2831 sleep 980 0
2832 sleep 979 0
2834 exe 984 0
2838 sleep 980 0
2841 sleep 979 0
2843 exe 984 0
2847 sleep 980 0
2850 sleep 979 0
2852 exe 984 0
2857 sleep 980 0
2859 sleep 979 0
2861 exe 984 0
2867 sleep 980 0
2868 sleep 979 0
2870 exe 984 0
2876 sleep 980 0
2877 sleep 979 0
2879 exe 984 0
2885 sleep 980 0
2886 sleep 979 0
2888 exe 984 0
2894 sleep 980 0
2895 sleep 979 0
2897 exe 984 0
2919 S07linux-restri 2578 0
2929 lrm-manager 2919 0
2945 ld_static 2929 0
2946 sleep 979 0
2947 sleep 980 0
2949 exe 984 0
2965 sh 2578 0
2968 hwclock 2965 0
2972 sleep 979 0
2974 sleep 980 0
2976 exe 984 0
3017 S10udev 2578 10
3022 sleep 979 0
3024 sleep 980 0
3035 udevd 3017 0
3037 exe 984 0
3039 udevd 1 82
3044 udevadm 3017 9
3104 udevd 3039 0
3105 modprobe 3104 0
3106 udevd 3039 2
3107 udevd 3039 2
3108 udevd 3039 2
3109 modprobe 3108 2
3110 udevd 3039 2
3111 modprobe 3110 2
3112 udevd 3039 0
3113 modprobe 3112 0
3114 udevd 3039 1
3115 modprobe 3114 0
3116 udevd 3039 2
3117 modprobe 3116 1
3118 modprobe 3106 2
3119 udevd 3039 2
3120 modprobe 3119 1
3121 udevd 3039 2
3122 modprobe 3121 2
3123 udevd 3039 9
3124 modprobe 3123 9
3125 udevd 3039 2
3126 modprobe 3125 1
3127 udevd 3039 1
3128 modprobe 3127 0
3129 udevadm 3017 9
3130 modprobe 3107 1
3131 udevd 3039 2
3132 modprobe 3131 2
3133 udevd 3039 2
3134 modprobe 3133 2
3135 udevd 3039 2
3136 modprobe 3135 1
3137 udevd 3039 2
3138 modprobe 3137 1
3139 udevd 3039 2
3140 modprobe 3139 1
3141 udevd 3039 2
3142 modprobe 3141 2
3143 udevd 3039 2
3144 modprobe 3143 1
3149 sleep 980 0
3150 sleep 979 0
3151 udevd 3039 0
3152 modprobe 3151 0
3154 exe 984 0
3155 udevd 3039 1
3156 modprobe 3155 1
3159 udevd 3039 2
3160 modprobe 3159 1
3165 udevd 3039 1
3166 modprobe 3165 1
3168 sleep 980 0
3169 udevd 3039 1
3170 modprobe 3169 0
3171 sleep 979 0
3172 udevd 3039 1
3173 modprobe 3172 0
3175 udevd 3039 1
3176 modprobe 3175 0
3179 udevd 3039 1
3180 udevd 3039 1
3181 udevd 3039 0
3182 modprobe 3181 0
3183 exe 984 0
3184 udevd 3039 0
3185 modprobe 3184 0
3187 modprobe 3179 0
3188 modprobe 3180 0
3191 udevd 3039 0
3192 modprobe 3191 0
3199 udevd 3039 0
3200 modprobe 3199 0
3202 udevd 3039 0
3204 udevd 3039 0
3208 udevd 3039 0
3212 sleep 980 0
3214 udevd 3039 0
3216 udevd 3039 0
3217 udevd 3039 1
3219 modprobe 3217 1
3222 udevd 3039 0
3227 udevd 3039 0
3228 udevd 3039 0
3231 sleep 979 0
3232 udevd 3039 0
3233 modprobe 3232 0
3236 udevd 3039 0
3237 modprobe 3236 0
3239 kthreadd 2 0
3240 exe 984 0
3266 sleep 980 0
3269 sh 3124 3
3277 modprobe 3269 3
3280 udevd 3039 2
3282 modprobe 3280 2
3293 udevd 3039 0
3294 modprobe 3293 0
3295 udevd 3039 0
3296 modprobe 3295 0
3309 sleep 979 0
3322 udevd 3039 0
3323 modprobe 3322 0
3325 udevd 3039 0
3327 exe 984 0
3352 udevd 3039 1
3353 sh 3277 2
3354 modprobe 3352 1
3355 modprobe 3353 0
3356 sleep 980 0
3368 udevd 3039 0
3372 modprobe 3368 0
3377 udevd 3039 0
3378 modprobe 3377 0
3381 sleep 979 0
3384 udevd 3039 0
3385 modprobe 3384 0
3386 udevd 3039 1
3387 modprobe 3386 1
3389 udevd 3039 1
3390 modprobe 3389 1
3391 udevd 3039 0
3392 udevd 3039 1
3393 modprobe 3392 1
3395 udevd 3039 0
3396 modprobe 3395 0
3397 udevd 3039 0
3399 modprobe 3397 0
3400 exe 984 0
3401 udevd 3039 0
3407 udevd 3039 0
3408 modprobe 3407 0
3409 modprobe 3401 0
3410 udevd 3039 0
3417 modprobe 3353 0
3418 udevd 3039 0
3419 modprobe 3418 0
3422 udevd 3039 0
3423 modprobe 3422 0
3427 udevd 3039 0
3428 modprobe 3427 0
3479 sleep 980 0
3484 udevd 3039 1
3485 modprobe 3484 1
3584 modprobe 3410 0
3589 sleep 979 0
3591 exe 984 0
3643 udevd 3039 0
3644 modprobe 3643 0
3647 udevd 3039 0
3648 modprobe 3647 0
3651 udevd 3039 0
3652 modprobe 3651 0
3656 sleep 980 0
3659 kpsmoused 2 76
3718 modprobe 3353 0
3758 udevd 3039 0
3762 udevd 3039 0
3770 sleep 979 0
3777 khelper 11 0
3778 modprobe 3777 0
3790 path_id 3762 0
3796 path_id 3790 0
3807 path_id 3758 0
3815 exe 984 0
3827 sh 3124 0
3913 sleep 980 0
4098 udevd 3039 0
4099 vol_id 4098 0
4100 udevd 3039 0
4101 vol_id 4100 0
4102 udevd 3039 0
4106 vol_id 4102 0
4136 sleep 979 0
4154 modprobe 3827 0
4155 udevd 3039 0
4156 udevd 4155 0
4192 udevd 3039 0
4197 exe 984 0
4272 sleep 980 0
4364 sleep 979 0
4366 exe 984 0
4370 sleep 980 0
4373 sleep 979 0
4375 exe 984 0
4388 alsa-utils 1 1
4391 alsactl 4388 1
4394 sleep 980 0
4402 sh 2578 1
4405 hwclock 4402 1
4408 sleep 979 0
4410 exe 984 0
4414 sleep 980 0
4417 sleep 979 0
4419 exe 984 0
4423 sleep 980 0
4442 sleep 979 0
4452 S15module-init- 2578 0
4473 S15module-init- 4452 0
4474 modprobe 4473 0
4476 exe 984 0
4517 sleep 980 0
4581 sh 2578 2
4596 sleep 979 0
4609 modprobe 4581 0
4611 exe 984 0
4631 logsave 4581 0
4633 sleep 4581 1
4634 fsck 4631 0
4637 sleep 980 0
4638 fsck.ext3 4634 0
4641 sleep 979 0
4643 exe 984 0
4647 sleep 980 0
4648 logsave 1 9
4651 sleep 979 0
4653 exe 984 0
4657 sleep 980 0
4699 sleep 979 0
4749 sh 2578 2
4753 which 4749 0
4754 exe 984 0
4772 sleep 4749 1
4776 sleep 980 0
4779 sleep 979 0
4781 exe 984 0
4785 sleep 980 0
4788 sleep 979 0
4790 exe 984 0
4794 sleep 980 0
4808 sh 2578 0
4811 mkdir 4808 0
4814 sleep 979 0
4816 exe 984 0
4859 sh 2578 0
4866 sleep 980 0
4870 find 4859 0
4871 xargs 4859 0
4874 sleep 979 0
4876 exe 984 0
4880 sleep 980 0
4898 S37apparmor 2578 1
4908 sleep 979 0
4910 S37apparmor 4898 0
4911 wc 4910 0
4913 exe 984 0
4926 sleep 980 0
4931 apparmor_parser 4898 0
4934 sleep 979 0
4936 exe 984 0
4947 sleep 980 0
4968 S39ufw 2578 0
4973 sleep 979 0
4984 usplash_write 4968 0
4986 exe 984 0
5049 sleep 980 0
5091 sleep 979 0
5093 sh 2578 0
5104 savelog 5093 0
5121 exe 984 0
5146 sleep 980 0
5156 getty 1 57
5157 getty 1 57
5158 rc 1 57
5160 getty 1 57
5161 getty 1 57
5162 getty 1 57
5190 sleep 979 0
5201 S10acpid 5158 0
5240 modprobe 5201 0
5242 exe 984 0
5271 sleep 980 0
5332 sleep 979 0
5365 acpid 1 56
5372 S10powernowd.ea 5158 0
5374 exe 984 0
5412 sleep 980 0
5429 kondemand/0 2 55
5431 kondemand/1 2 55
5458 sleep 979 0
5473 S10sysklogd 5158 0
5488 syslogd-listfil 5473 0
5490 exe 984 0
5506 syslogd 1 54
5508 sleep 980 0
5511 sleep 979 0
5518 S10xserver-xorg 5158 0
5537 exe 984 0
5549 S11klogd 5158 0
5565 dd 1 53
5566 klogd 5549 0
5567 klogd 5566 53
5570 sleep 980 0
5573 sleep 979 0
5575 exe 984 0
5583 S12dbus 5158 0
5598 dbus-daemon 5583 0
5601 sleep 980 0
5604 sleep 979 0
5606 exe 984 0
5610 sleep 980 0
5611 dbus-daemon 1 51
5633 sleep 979 0
5636 avahi-daemon 1 51
5637 avahi-daemon 5636 51
5644 S16ssh 5158 1
5646 exe 984 0
5653 sleep 980 0
5656 sleep 979 0
5668 sshd 5644 0
5670 exe 984 0
5676 sleep 980 0
5682 sshd 1 49
5691 sleep 979 0
5692 S17mysql-ndb-mg 5158 0
5698 exe 984 0
5703 S18mysql-ndb 5158 1
5706 sleep 980 0
5711 ndbd 5703 1
5712 grep 5703 1
5715 sleep 979 0
5717 exe 984 0
5721 sleep 980 0
5724 sleep 979 0
5726 exe 984 0
5731 sleep 980 0
5735 S19mysql 5158 8
5740 S19mysql 5735 0
5741 mysqld 5740 0
5742 tr 5740 0
5743 grep 5740 0
5744 tail 5740 0
5745 cut 5740 0
5748 sleep 979 0
5750 exe 984 0
5754 sleep 980 0
5757 sleep 979 0
5759 df 5735 0
5760 tail 5735 0
5761 awk 5735 0
5763 exe 984 0
5778 sleep 980 0
5781 sleep 979 0
5789 mysqld_safe 5735 44
5790 sleep 5735 4
5792 exe 984 0
5796 sleep 980 0
5833 sleep 979 0
5840 mysqld 5789 43
5841 logger 5789 43
5844 exe 984 0
5848 sleep 980 0
5851 sleep 979 0
5853 exe 984 0
5861 sleep 980 0
5864 sleep 979 0
5866 exe 984 0
5875 sleep 980 0
5878 sleep 979 0
5880 exe 984 0
5884 sleep 980 0
5887 sleep 979 0
5888 S19mysql 5735 0
5889 mysqladmin 5888 0
5892 exe 984 0
5917 sleep 980 0
5921 debian-start 1 6
5924 mysql_upgrade 5921 1
5926 egrep 5921 1
5927 mysqladmin 5735 0
5928 logger 5921 1
5929 egrep 5735 0
5932 sleep 979 0
5933 sh 5924 0
5934 mysql 5933 0
5936 exe 984 0
5940 sleep 980 0
5948 sleep 979 0
5959 pidof 5158 0
5960 exe 984 0
5970 sleep 980 0
5973 S20cups 5158 3
5994 sleep 979 0
6003 cupsd 5973 3
6005 mysql 5921 3
6006 xargs 5921 4
6008 exe 984 0
6012 sleep 980 0
6015 sleep 979 0
6016 cupsd 6003 35
6018 exe 984 0
6022 sleep 980 0
6025 sleep 979 0
6027 exe 984 0
6031 sleep 980 0
6034 sleep 979 0
6036 exe 984 0
6041 sleep 980 0
6044 sleep 979 0
6056 S20dkms_autoins 5158 3
6075 mysql 6006 0
6083 exe 984 0
6095 sleep 980 0
6108 S20dkms_autoins 6056 2
6109 dkms 6108 2
6110 awk 6108 2
6111 tail 6108 2
6120 sleep 979 0
6145 exe 984 0
6158 sleep 980 0
6173 sleep 979 0
6182 dkms 6109 0
6184 diff 6182 0
6186 exe 984 0
6190 sleep 980 0
6193 sleep 979 0
6203 dkms 6109 0
6204 find 6203 0
6206 exe 984 0
6228 sleep 980 0
6245 sleep 979 0
6271 S20winbind 5158 2
6284 winbindd 6271 2
6286 exe 984 0
6290 sleep 980 0
6293 sleep 979 0
6295 exe 984 0
6299 sleep 980 0
6302 sleep 979 0
6304 exe 984 0
6308 sleep 980 0
6311 sleep 979 0
6312 winbindd 1 25
6319 rc 5158 0
6321 exe 984 0
6324 winbindd 6312 24
6326 sleep 980 0
6330 S24hal 5158 2
6344 hald 6330 2
6347 sleep 979 0
6348 hald 6344 24
6351 console-kit-dae 1 24
6352 hald-runner 6348 24
6416 exe 984 0
6420 sleep 980 0
6423 sleep 979 0
6441 udevinfo 6348 0
6443 exe 984 0
6447 sleep 980 0
6451 sleep 979 0
6452 hald-addon-inpu 6352 22
6462 hald-probe-stor 6352 0
6463 hald-addon-cpuf 6352 22
6464 hald-addon-acpi 6352 22
6466 exe 984 0
6469 hald-addon-stor 6352 21
6474 sleep 980 0
6499 sleep 979 0
6506 S25bluetooth 5158 1
6517 bluetoothd 1 21
6518 khelper 11 0
6519 modprobe 6518 0
6520 hid2hci 6506 1
6522 exe 984 0
6526 btaddconn 2 20
6527 btdelconn 2 20
6532 sleep 980 0
6547 sleep 979 0
6561 exe 984 0
6568 sleep 980 0
6572 krfcommd 2 19
6596 sleep 979 0
6597 NetworkManager 1 19
6604 dbus-daemon 5611 0
6605 wpa_supplicant 6604 19
6607 S30gdm 5158 11
6608 dbus-daemon 5611 0
6609 nm-system-setti 6608 19
6623 usplash 6607 5
6625 usplash 6623 0
6626 pidof 6625 0
6627 exe 984 0
6633 sleep 980 0
6635 sleep 6623 4
6638 sleep 979 0
6640 exe 984 0
6647 sleep 979 0
6650 sleep 980 0
6652 exe 984 0
6656 sleep 979 0
6659 sleep 980 0
6661 exe 984 0
6665 sleep 979 0
6668 sleep 980 0
6670 exe 984 0
6674 sleep 979 0
6677 sleep 980 0
6679 exe 984 0
6683 gdm 6607 0
6686 sleep 979 0
6689 sleep 980 0
6691 exe 984 0
6695 sleep 979 0
6696 gdm 1 12
6698 sleep 6607 4
6699 gdm 6696 12
6702 Xorg 6699 12
6707 sleep 980 0
6709 exe 984 0
6713 sleep 979 0
6716 sleep 980 0
6718 exe 984 0
6723 sleep 979 0
6726 sleep 980 0
6728 exe 984 0
6732 sleep 979 0
6735 sleep 980 0
6737 exe 984 0
6741 sleep 979 0
6744 sleep 980 0
6746 exe 984 0
6750 sleep 979 0
6753 S30system-tools 5158 0
6763 start-stop-daem 6753 0
6766 sleep 980 0
6768 exe 984 0
6772 sleep 979 0
6776 sleep 980 0
6777 system-tools-ba 1 6
6782 S89anacron 5158 2
6784 exe 984 0
6788 sleep 979 0
6798 sleep 980 0
6800 exe 984 0
6804 sleep 979 0
6807 sleep 980 0
6809 exe 984 0
6813 sleep 979 0
6824 S89atd 5158 0
6834 atd 6824 0
6837 sleep 980 0
6839 exe 984 0
6841 atd 1 2
6846 sleep 979 0
6875 cron 1 2
6880 S90binfmt-suppo 5158 1
6890 update-binfmts 6880 1
6893 sleep 980 0
6895 exe 984 0
6899 sleep 979 0
6902 sleep 980 0
6904 exe 984 0
6940 sleep 980 0
6944 sleep 979 0
6968 exe 984 0
